\BOOKMARK [1][-]{section.1}{ G\351n\351ralit\351s}{}
\BOOKMARK [2][-]{subsection.1.1}{ Structure de l'atome}{section.1}
\BOOKMARK [2][-]{subsection.1.2}{ Les changements d'\351tat de l'atome}{section.1}
\BOOKMARK [3][-]{subsubsection.1.2.1}{ L'absorption}{subsection.1.2}
\BOOKMARK [3][-]{subsubsection.1.2.2}{ L'\351mission spontan\351e }{subsection.1.2}
\BOOKMARK [3][-]{subsubsection.1.2.3}{ L\351mission stimul\351e}{subsection.1.2}
\BOOKMARK [2][-]{subsection.1.3}{ Le LASER}{section.1}
\BOOKMARK [3][-]{subsubsection.1.3.1}{ Le pompage}{subsection.1.3}
\BOOKMARK [3][-]{subsubsection.1.3.2}{ L'amplification}{subsection.1.3}
\BOOKMARK [2][-]{subsection.1.4}{ Les modes de propagation}{section.1}
\BOOKMARK [3][-]{subsubsection.1.4.1}{ Les modes longitudinaux }{subsection.1.4}
\BOOKMARK [3][-]{subsubsection.1.4.2}{ Les modes transverses}{subsection.1.4}
\BOOKMARK [2][-]{subsection.1.5}{ Le laser \340 semi-conducteur}{section.1}
\BOOKMARK [3][-]{subsubsection.1.5.1}{ Les semi-conducteurs}{subsection.1.5}
\BOOKMARK [3][-]{subsubsection.1.5.2}{ Utilisation des semi-conducteurs dans un laser}{subsection.1.5}
\BOOKMARK [1][-]{section.2}{ Variation de la puissance optique \351mise en fonction de la temp\351rature et de lintensit\351 \351lectrique re\347ue}{}
\BOOKMARK [2][-]{subsection.2.1}{ Objectifs}{section.2}
\BOOKMARK [2][-]{subsection.2.2}{ Manipulation}{section.2}
\BOOKMARK [2][-]{subsection.2.3}{ R\351sultats}{section.2}
\BOOKMARK [3][-]{subsubsection.2.3.1}{ R\351sultats bruts}{subsection.2.3}
\BOOKMARK [3][-]{subsubsection.2.3.2}{ Mod\351lisation}{subsection.2.3}
\BOOKMARK [3][-]{subsubsection.2.3.3}{ Influence de la temp\351rature}{subsection.2.3}
\BOOKMARK [1][-]{section.3}{ \311tude des modes de propagation transverses}{}
\BOOKMARK [2][-]{subsection.3.1}{ Objectifs}{section.3}
\BOOKMARK [2][-]{subsection.3.2}{ Manipulation}{section.3}
\BOOKMARK [2][-]{subsection.3.3}{ R\351sultats}{section.3}
\BOOKMARK [3][-]{subsubsection.3.3.1}{ Caract\351risation spatiale}{subsection.3.3}
\BOOKMARK [3][-]{subsubsection.3.3.2}{ Influence de lorientation de la diode laser dans les mesures}{subsection.3.3}
\BOOKMARK [3][-]{subsubsection.3.3.3}{ Influence de la distance entre la diode laser et la photodiode}{subsection.3.3}
\BOOKMARK [3][-]{subsubsection.3.3.4}{ Diff\351rents modes de propagation transverse}{subsection.3.3}
\BOOKMARK [1][-]{section.4}{ \311tude des modes de propagation longitudinaux}{}
\BOOKMARK [2][-]{subsection.4.1}{ Objectifs}{section.4}
\BOOKMARK [2][-]{subsection.4.2}{ Manipulation}{section.4}
\BOOKMARK [2][-]{subsection.4.3}{ R\351sultats}{section.4}
\BOOKMARK [3][-]{subsubsection.4.3.1}{ Mod\351lisation}{subsection.4.3}
\BOOKMARK [3][-]{subsubsection.4.3.2}{ Influence de la temp\351rature}{subsection.4.3}
\BOOKMARK [3][-]{subsubsection.4.3.3}{ Influence de la puissance optique}{subsection.4.3}
\BOOKMARK [1][-]{section.5}{ Conclusion}{}
\BOOKMARK [1][-]{section.6}{ Annexes}{}
\BOOKMARK [2][-]{subsection.6.1}{ Fiche technique de la diode}{section.6}
