This is pdfeTeX, Version 3.141592-1.30.6-2.2 (MiKTeX 2.5) (preloaded format=pdfplatex 2006.10.11)  6 DEC 2006 20:58
entering extended mode
**Rapport.tex
(Rapport.tex
LaTeX2e <2005/12/01>
Loaded hyphenation patterns for american, polish.
("C:\Program Files\MiKTeX 2.5\tex\latex\base\article.cls"
Document Class: article 2005/09/16 v1.4f Standard LaTeX document class
("C:\Program Files\MiKTeX 2.5\tex\latex\base\size12.clo"
File: size12.clo 2005/09/16 v1.4f Standard LaTeX file (size option)
)
\c@part=\count79
\c@section=\count80
\c@subsection=\count81
\c@subsubsection=\count82
\c@paragraph=\count83
\c@subparagraph=\count84
\c@figure=\count85
\c@table=\count86
\abovecaptionskip=\skip41
\belowcaptionskip=\skip42
\bibindent=\dimen102
)
("C:\Program Files\MiKTeX 2.5\tex\latex\base\inputenc.sty"
Package: inputenc 2006/05/05 v1.1b Input encoding file
\inpenc@prehook=\toks14
\inpenc@posthook=\toks15

("C:\Program Files\MiKTeX 2.5\tex\latex\base\ascii.def"
File: ascii.def 2006/05/05 v1.1b Input encoding file
))
("C:\Program Files\MiKTeX 2.5\tex\latex\base\fontenc.sty"
Package: fontenc 2005/09/27 v1.99g Standard LaTeX package

("C:\Program Files\MiKTeX 2.5\tex\latex\base\t1enc.def"
File: t1enc.def 2005/09/27 v1.99g Standard LaTeX file
LaTeX Font Info:    Redeclaring font encoding T1 on input line 43.
))
("C:\Program Files\MiKTeX 2.5\tex\generic\babel\babel.sty"
Package: babel 2005/05/21 v3.8g The Babel package

("C:\Program Files\MiKTeX 2.5\tex\generic\babel\babel.def"
File: babel.def 2005/05/21 v3.8g Babel common definitions

("C:\Program Files\MiKTeX 2.5\tex\generic\babel\switch.def"
File: switch.def 2005/05/21 v3.8g Babel language switching mechanism
)
\babel@savecnt=\count87
\U@D=\dimen103
)
*************************************
* Local config file bblopts.cfg used
*
("C:\Program Files\MiKTeX 2.5\tex\latex\00miktex\bblopts.cfg"
File: bblopts.cfg 2006/07/31 v1.0 MiKTeX 'babel' configuration
)
("C:\Program Files\MiKTeX 2.5\tex\generic\babel\english.ldf"
Language: english 2005/03/30 v3.3o English support from the babel system
\l@british = a dialect from \language\l@english 
\l@UKenglish = a dialect from \language\l@english 
\l@canadian = a dialect from \language\l@american 
\l@australian = a dialect from \language\l@british 
\l@newzealand = a dialect from \language\l@british 
)
("C:\Program Files\MiKTeX 2.5\tex\generic\babel\frenchb.ldf"
Language: french 2005/02/06 v1.6g French support from the babel system


Package babel Warning: No hyphenation patterns were loaded for
(babel)                the language `French'
(babel)                I will use the patterns loaded for \language=0 instead.

\l@french = a dialect from \language0
Package babel Info: Making : an active character on input line 219.
Package babel Info: Making ; an active character on input line 220.
Package babel Info: Making ! an active character on input line 221.
Package babel Info: Making ? an active character on input line 222.
LaTeX Font Info:    Redeclaring font encoding T1 on input line 299.
\parindentFFN=\dimen104
\std@mcc=\count88
\dec@mcc=\count89
*************************************
* Local config file frenchb.cfg used
*
("C:\Program Files\MiKTeX 2.5\tex\generic\babel\frenchb.cfg")))
("C:\Program Files\MiKTeX 2.5\tex\latex\amsmath\amsmath.sty"
Package: amsmath 2000/07/18 v2.13 AMS math features
\@mathmargin=\skip43

For additional information on amsmath, use the `?' option.
("C:\Program Files\MiKTeX 2.5\tex\latex\amsmath\amstext.sty"
Package: amstext 2000/06/29 v2.01

("C:\Program Files\MiKTeX 2.5\tex\latex\amsmath\amsgen.sty"
File: amsgen.sty 1999/11/30 v2.0
\@emptytoks=\toks16
\ex@=\dimen105
))
("C:\Program Files\MiKTeX 2.5\tex\latex\amsmath\amsbsy.sty"
Package: amsbsy 1999/11/29 v1.2d
\pmbraise@=\dimen106
)
("C:\Program Files\MiKTeX 2.5\tex\latex\amsmath\amsopn.sty"
Package: amsopn 1999/12/14 v2.01 operator names
)
\inf@bad=\count90
LaTeX Info: Redefining \frac on input line 211.
\uproot@=\count91
\leftroot@=\count92
LaTeX Info: Redefining \overline on input line 307.
\classnum@=\count93
\DOTSCASE@=\count94
LaTeX Info: Redefining \ldots on input line 379.
LaTeX Info: Redefining \dots on input line 382.
LaTeX Info: Redefining \cdots on input line 467.
\Mathstrutbox@=\box26
\strutbox@=\box27
\big@size=\dimen107
LaTeX Font Info:    Redeclaring font encoding OML on input line 567.
LaTeX Font Info:    Redeclaring font encoding OMS on input line 568.
\macc@depth=\count95
\c@MaxMatrixCols=\count96
\dotsspace@=\muskip10
\c@parentequation=\count97
\dspbrk@lvl=\count98
\tag@help=\toks17
\row@=\count99
\column@=\count100
\maxfields@=\count101
\andhelp@=\toks18
\eqnshift@=\dimen108
\alignsep@=\dimen109
\tagshift@=\dimen110
\tagwidth@=\dimen111
\totwidth@=\dimen112
\lineht@=\dimen113
\@envbody=\toks19
\multlinegap=\skip44
\multlinetaggap=\skip45
\mathdisplay@stack=\toks20
LaTeX Info: Redefining \[ on input line 2666.
LaTeX Info: Redefining \] on input line 2667.
)
("C:\Program Files\MiKTeX 2.5\tex\latex\amsfonts\amssymb.sty"
Package: amssymb 2002/01/22 v2.2d

("C:\Program Files\MiKTeX 2.5\tex\latex\amsfonts\amsfonts.sty"
Package: amsfonts 2001/10/25 v2.2f
\symAMSa=\mathgroup4
\symAMSb=\mathgroup5
LaTeX Font Info:    Overwriting math alphabet `\mathfrak' in version `bold'
(Font)                  U/euf/m/n --> U/euf/b/n on input line 132.
))
("C:\Program Files\MiKTeX 2.5\tex\latex\base\textcomp.sty"
Package: textcomp 2005/09/27 v1.99g Standard LaTeX package
Package textcomp Info: Sub-encoding information:
(textcomp)               5 = only ISO-Adobe without \textcurrency
(textcomp)               4 = 5 + \texteuro
(textcomp)               3 = 4 + \textohm
(textcomp)               2 = 3 + \textestimated + \textcurrency
(textcomp)               1 = TS1 - \textcircled - \t
(textcomp)               0 = TS1 (full)
(textcomp)             Font families with sub-encoding setting implement
(textcomp)             only a restricted character set as indicated.
(textcomp)             Family '?' is the default used for unknown fonts.
(textcomp)             See the documentation for details.
Package textcomp Info: Setting ? sub-encoding to TS1/1 on input line 71.

("C:\Program Files\MiKTeX 2.5\tex\latex\base\ts1enc.def"
File: ts1enc.def 2001/06/05 v3.0e (jk/car/fm) Standard LaTeX file
)
LaTeX Info: Redefining \oldstylenums on input line 266.
Package textcomp Info: Setting cmr sub-encoding to TS1/0 on input line 281.
Package textcomp Info: Setting cmss sub-encoding to TS1/0 on input line 282.
Package textcomp Info: Setting cmtt sub-encoding to TS1/0 on input line 283.
Package textcomp Info: Setting cmvtt sub-encoding to TS1/0 on input line 284.
Package textcomp Info: Setting cmbr sub-encoding to TS1/0 on input line 285.
Package textcomp Info: Setting cmtl sub-encoding to TS1/0 on input line 286.
Package textcomp Info: Setting ccr sub-encoding to TS1/0 on input line 287.
Package textcomp Info: Setting ptm sub-encoding to TS1/4 on input line 288.
Package textcomp Info: Setting pcr sub-encoding to TS1/4 on input line 289.
Package textcomp Info: Setting phv sub-encoding to TS1/4 on input line 290.
Package textcomp Info: Setting ppl sub-encoding to TS1/3 on input line 291.
Package textcomp Info: Setting pag sub-encoding to TS1/4 on input line 292.
Package textcomp Info: Setting pbk sub-encoding to TS1/4 on input line 293.
Package textcomp Info: Setting pnc sub-encoding to TS1/4 on input line 294.
Package textcomp Info: Setting pzc sub-encoding to TS1/4 on input line 295.
Package textcomp Info: Setting bch sub-encoding to TS1/4 on input line 296.
Package textcomp Info: Setting put sub-encoding to TS1/5 on input line 297.
Package textcomp Info: Setting uag sub-encoding to TS1/5 on input line 298.
Package textcomp Info: Setting ugq sub-encoding to TS1/5 on input line 299.
Package textcomp Info: Setting ul8 sub-encoding to TS1/4 on input line 300.
Package textcomp Info: Setting ul9 sub-encoding to TS1/4 on input line 301.
Package textcomp Info: Setting augie sub-encoding to TS1/5 on input line 302.
Package textcomp Info: Setting dayrom sub-encoding to TS1/3 on input line 303.
Package textcomp Info: Setting dayroms sub-encoding to TS1/3 on input line 304.

Package textcomp Info: Setting pxr sub-encoding to TS1/0 on input line 305.
Package textcomp Info: Setting pxss sub-encoding to TS1/0 on input line 306.
Package textcomp Info: Setting pxtt sub-encoding to TS1/0 on input line 307.
Package textcomp Info: Setting txr sub-encoding to TS1/0 on input line 308.
Package textcomp Info: Setting txss sub-encoding to TS1/0 on input line 309.
Package textcomp Info: Setting txtt sub-encoding to TS1/0 on input line 310.
Package textcomp Info: Setting futs sub-encoding to TS1/4 on input line 311.
Package textcomp Info: Setting futx sub-encoding to TS1/4 on input line 312.
Package textcomp Info: Setting futj sub-encoding to TS1/4 on input line 313.
Package textcomp Info: Setting hlh sub-encoding to TS1/3 on input line 314.
Package textcomp Info: Setting hls sub-encoding to TS1/3 on input line 315.
Package textcomp Info: Setting hlst sub-encoding to TS1/3 on input line 316.
Package textcomp Info: Setting hlct sub-encoding to TS1/5 on input line 317.
Package textcomp Info: Setting hlx sub-encoding to TS1/5 on input line 318.
Package textcomp Info: Setting hlce sub-encoding to TS1/5 on input line 319.
Package textcomp Info: Setting hlcn sub-encoding to TS1/5 on input line 320.
Package textcomp Info: Setting hlcw sub-encoding to TS1/5 on input line 321.
Package textcomp Info: Setting hlcf sub-encoding to TS1/5 on input line 322.
Package textcomp Info: Setting pplx sub-encoding to TS1/3 on input line 323.
Package textcomp Info: Setting pplj sub-encoding to TS1/3 on input line 324.
Package textcomp Info: Setting ptmx sub-encoding to TS1/4 on input line 325.
Package textcomp Info: Setting ptmj sub-encoding to TS1/4 on input line 326.
)
("C:\Program Files\MiKTeX 2.5\tex\latex\graphics\color.sty"
Package: color 2005/11/14 v1.0j Standard LaTeX Color (DPC)

("C:\Program Files\MiKTeX 2.5\tex\latex\00miktex\color.cfg"
File: color.cfg 2005/12/29 v1.1 MiKTeX 'color' configuration
)
Package color Info: Driver file: pdftex.def on input line 130.

("C:\Program Files\MiKTeX 2.5\tex\latex\graphics\pdftex.def"
File: pdftex.def 2006/08/14 v0.03t Graphics/color for pdfTeX
\Gread@gobject=\count102
))
("C:\Program Files\MiKTeX 2.5\tex\latex\tools\calc.sty"
Package: calc 2005/08/06 v4.2 Infix arithmetic (KKT,FJ)
\calc@Acount=\count103
\calc@Bcount=\count104
\calc@Adimen=\dimen114
\calc@Bdimen=\dimen115
\calc@Askip=\skip46
\calc@Bskip=\skip47
LaTeX Info: Redefining \setlength on input line 75.
LaTeX Info: Redefining \addtolength on input line 76.
\calc@Ccount=\count105
\calc@Cskip=\skip48
)
("C:\Program Files\MiKTeX 2.5\tex\latex\hyperref\hyperref.sty"
Package: hyperref 2006/09/06 v6.75e Hypertext links for LaTeX

("C:\Program Files\MiKTeX 2.5\tex\latex\graphics\keyval.sty"
Package: keyval 1999/03/16 v1.13 key=value parser (DPC)
\KV@toks@=\toks21
)
\@linkdim=\dimen116
\Hy@linkcounter=\count106
\Hy@pagecounter=\count107

("C:\Program Files\MiKTeX 2.5\tex\latex\hyperref\pd1enc.def"
File: pd1enc.def 2006/09/06 v6.75e Hyperref: PDFDocEncoding definition (HO)
)
("C:\Program Files\MiKTeX 2.5\tex\latex\00miktex\hyperref.cfg"
File: hyperref.cfg 2006/02/14 v1.1 MiKTeX 'hyperref' configuration
)
("C:\Program Files\MiKTeX 2.5\tex\latex\oberdiek\kvoptions.sty"
Package: kvoptions 2006/08/22 v2.4 Connects package keyval with LaTeX options (
HO)
)
Package hyperref Info: Hyper figures OFF on input line 2123.
Package hyperref Info: Link nesting OFF on input line 2128.
Package hyperref Info: Hyper index ON on input line 2131.
Package hyperref Info: Plain pages OFF on input line 2138.
Package hyperref Info: Backreferencing OFF on input line 2143.

Implicit mode ON; LaTeX internals redefined
Package hyperref Info: Bookmarks ON on input line 2273.
("C:\Program Files\MiKTeX 2.5\tex\latex\ltxmisc\url.sty"
\Urlmuskip=\muskip11
Package: url 2005/06/27  ver 3.2  Verb mode for urls, etc.
)
LaTeX Info: Redefining \url on input line 2428.
\Fld@menulength=\count108
\Field@Width=\dimen117
\Fld@charsize=\dimen118
\Choice@toks=\toks22
\Field@toks=\toks23
Package hyperref Info: Hyper figures OFF on input line 2906.
Package hyperref Info: Link nesting OFF on input line 2911.
Package hyperref Info: Hyper index ON on input line 2914.
Package hyperref Info: backreferencing OFF on input line 2921.
Package hyperref Info: Link coloring OFF on input line 2926.
\Hy@abspage=\count109
\c@Item=\count110
\c@Hfootnote=\count111
)
*hyperref using default driver hpdftex*
("C:\Program Files\MiKTeX 2.5\tex\latex\hyperref\hpdftex.def"
File: hpdftex.def 2006/09/06 v6.75e Hyperref driver for pdfTeX
\Fld@listcount=\count112
)
Package hyperref Info: Option `colorlinks' set `true' on input line 11.

No file Rapport.aux.
LaTeX Font Info:    Checking defaults for OML/cmm/m/it on input line 85.
LaTeX Font Info:    ... okay on input line 85.
LaTeX Font Info:    Checking defaults for T1/lmr/m/n on input line 85.
LaTeX Font Info:    Try loading font information for T1+lmr on input line 85.
("C:\Program Files\MiKTeX 2.5\tex\latex\lm\t1lmr.fd"
File: t1lmr.fd 2006/04/24 v1.2 Font defs for Latin Modern
)
LaTeX Font Info:    ... okay on input line 85.
LaTeX Font Info:    Checking defaults for OT1/cmr/m/n on input line 85.
LaTeX Font Info:    ... okay on input line 85.
LaTeX Font Info:    Checking defaults for OMS/cmsy/m/n on input line 85.
LaTeX Font Info:    ... okay on input line 85.
LaTeX Font Info:    Checking defaults for OMX/cmex/m/n on input line 85.
LaTeX Font Info:    ... okay on input line 85.
LaTeX Font Info:    Checking defaults for U/cmr/m/n on input line 85.
LaTeX Font Info:    ... okay on input line 85.
LaTeX Font Info:    Checking defaults for TS1/cmr/m/n on input line 85.
LaTeX Font Info:    Try loading font information for TS1+cmr on input line 85.

("C:\Program Files\MiKTeX 2.5\tex\latex\base\ts1cmr.fd"
File: ts1cmr.fd 1999/05/25 v2.5h Standard LaTeX font definitions
)
LaTeX Font Info:    ... okay on input line 85.
LaTeX Font Info:    Checking defaults for PD1/pdf/m/n on input line 85.
LaTeX Font Info:    ... okay on input line 85.
LaTeX Info: Redefining \dots on input line 85.

("C:\Program Files\MiKTeX 2.5\tex\context\base\supp-pdf.tex"
("C:\Program Files\MiKTeX 2.5\tex\context\base\supp-mis.tex"
loading : Context Support Macros / Miscellaneous (2004.10.26)
\protectiondepth=\count113
\scratchcounter=\count114
\scratchtoks=\toks24
\scratchdimen=\dimen119
\scratchskip=\skip49
\scratchmuskip=\muskip12
\scratchbox=\box28
\scratchread=\read1
\scratchwrite=\write3
\zeropoint=\dimen120
\onepoint=\dimen121
\onebasepoint=\dimen122
\minusone=\count115
\thousandpoint=\dimen123
\onerealpoint=\dimen124
\emptytoks=\toks25
\nextbox=\box29
\nextdepth=\dimen125
\everyline=\toks26
\!!counta=\count116
\!!countb=\count117
\recursecounter=\count118
)
loading : Context Support Macros / PDF (2004.03.26)
\nofMPsegments=\count119
\nofMParguments=\count120
\MPscratchCnt=\count121
\MPscratchDim=\dimen126
\MPnumerator=\count122
\everyMPtoPDFconversion=\toks27
)
Package hyperref Info: Link coloring ON on input line 85.
 ("C:\Program Files\MiKTeX 2.5\tex\latex\hyperref\nameref.sty"
Package: nameref 2006/08/15 v2.26 Cross-referencing by name of section

("C:\Program Files\MiKTeX 2.5\tex\latex\oberdiek\refcount.sty"
Package: refcount 2006/02/20 v3.0 Data extraction from references (HO)
)
\c@section@level=\count123
)
LaTeX Info: Redefining \ref on input line 85.
LaTeX Info: Redefining \pageref on input line 85.
\@outlinefile=\write4
\tf@toc=\write5
 [1

{psfonts.map}]
LaTeX Font Info:    Try loading font information for U+msa on input line 207.
 ("C:\Program Files\MiKTeX 2.5\tex\latex\amsfonts\umsa.fd"
File: umsa.fd 2002/01/19 v2.2g AMS font definitions
)
LaTeX Font Info:    Try loading font information for U+msb on input line 207.

("C:\Program Files\MiKTeX 2.5\tex\latex\amsfonts\umsb.fd"
File: umsb.fd 2002/01/19 v2.2g AMS font definitions
)
Underfull \hbox (badness 10000) in paragraph at lines 250--252
[]\T1/cmr/bx/it/12 [Warning : Draw ob-ject ig-
 []


Underfull \hbox (badness 6445) in paragraph at lines 250--252
\T1/cmr/bx/it/12 nored]Illustration 1 : Phénomène
 []

[2

]

Package hyperref Warning: Glyph not defined in PD1 encoding,
(hyperref)                removing `\textquotesingle' on input line 284.

[3] [4]

Package hyperref Warning: Glyph not defined in PD1 encoding,
(hyperref)                removing `\textquotesingle' on input line 543.

[5] [6] [7]

Package hyperref Warning: Glyph not defined in PD1 encoding,
(hyperref)                removing `\textquotesingle' on input line 783.


Underfull \hbox (badness 3209) in paragraph at lines 831--835
[]\T1/cmr/m/it/12 [Warning : Im-age not found] Il-lus-tra-tion 24[] : Ap-pari-t
ion d\TS1/cmr/m/it/12 '\T1/cmr/m/it/12 un phénomène
 []

[8]
Overfull \hbox (3.25534pt too wide) in paragraph at lines 854--859
[]\T1/cmr/m/n/12 L\TS1/cmr/m/n/12 '\T1/cmr/m/n/12 Illustration 26 ap-porte une 
con-fir-ma-tion à notre hy-pothèse. En ef-fet, sur les pro-fils représen-
 []

[9]
Underfull \vbox (badness 1158) has occurred while \output is active []

 [10]
[11]
LaTeX Font Info:    Try loading font information for T1+cmss on input line 1025
.
 ("C:\Program Files\MiKTeX 2.5\tex\latex\base\t1cmss.fd"
File: t1cmss.fd 1999/05/25 v2.5h Standard LaTeX font definitions
) [12

] (Rapport.aux)

LaTeX Warning: Label(s) may have changed. Rerun to get cross-references right.

 ) 
Here is how much of TeX's memory you used:
 5112 strings out of 95475
 64538 string characters out of 1188252
 117126 words of memory out of 1117795
 7914 multiletter control sequences out of 60000
 20478 words of font info for 54 fonts, out of 1000000 for 2000
 34 hyphenation exceptions out of 8191
 27i,8n,37p,354b,366s stack positions out of 5000i,500n,10000p,200000b,32768s
PDF statistics:
 154 PDF objects out of 300000
 75 named destinations out of 300000
 17 words of extra memory for PDF output out of 10000
 <C:\Documents and Settings\All Users\Application Data\MiKTeX\2.5\fonts\pk\lj
four\jknappen\ec\dpi600\ecsx1200.pk>